Using pre-set license

 COMMAND LINE ARGUMENTS:
/Applications/Unity/Hub/Editor/2020.2.2f1/Unity.app/Contents/MacOS/Unity
-adb2
-batchMode
-noUpm
-name
AssetImportWorker0
-projectPath
/Users/tobennaokoye/Documents/GitHub/guwt-mobile-app
-logFile
Logs/AssetImportWorker0.log
-srvPort
61027
Successfully changed project path to: /Users/tobennaokoye/Documents/GitHub/guwt-mobile-app
/Users/tobennaokoye/Documents/GitHub/guwt-mobile-app
Using Asset Import Pipeline V2.
Refreshing native plugins compatible for Editor in 31.72 ms, found 1 plugins.
Preloading 0 native plugins for Editor in 0.00 ms.
Initialize engine version: 2020.2.2f1 (068178b99f32)
[Subsystems] Discovering subsystems at path /Applications/Unity/Hub/Editor/2020.2.2f1/Unity.app/Contents/Resources/UnitySubsystems
[Subsystems] Discovering subsystems at path /Users/tobennaokoye/Documents/GitHub/guwt-mobile-app/Assets
GfxDevice: creating device client; threaded=0
2021-03-01 14:30:40.966 Unity[49941:7550398] Color LCD preferred device: Intel Iris Pro Graphics (low power)
2021-03-01 14:30:40.966 Unity[49941:7550398] Metal devices available: 1
2021-03-01 14:30:40.966 Unity[49941:7550398] 0: Intel Iris Pro Graphics (low power)
2021-03-01 14:30:40.966 Unity[49941:7550398] Using device Intel Iris Pro Graphics (low power)
Initializing Metal device caps: Intel Iris Pro Graphics
Initialize mono
Mono path[0] = '/Applications/Unity/Hub/Editor/2020.2.2f1/Unity.app/Contents/Managed'
Mono path[1] = '/Applications/Unity/Hub/Editor/2020.2.2f1/Unity.app/Contents/MonoBleedingEdge/lib/mono/unityjit'
Mono config path = '/Applications/Unity/Hub/Editor/2020.2.2f1/Unity.app/Contents/MonoBleedingEdge/etc'
Using monoOptions --debugger-agent=transport=dt_socket,embedding=1,server=y,suspend=n,address=127.0.0.1:56941
Begin MonoManager ReloadAssembly
Registering precompiled unity dll's ...
Register platform support module: /Applications/Unity/Hub/Editor/2020.2.2f1/Unity.app/Contents/PlaybackEngines/MacStandaloneSupport/UnityEditor.OSXStandalone.Extensions.dll
Registered in 0.000668 seconds.
Native extension for OSXStandalone target not found
Refreshing native plugins compatible for Editor in 30.07 ms, found 1 plugins.
Preloading 0 native plugins for Editor in 0.00 ms.
Invoked RoslynAnalysisRunner static constructor.
RoslynAnalysisRunner will not be running.
RoslynAnalysisRunner has terminated.
Mono: successfully reloaded assembly
- Completed reload, in  3.526 seconds
Platform modules already initialized, skipping
Registering precompiled user dll's ...
Registered in 0.000760 seconds.
Begin MonoManager ReloadAssembly
Native extension for OSXStandalone target not found
Refreshing native plugins compatible for Editor in 0.26 ms, found 1 plugins.
Preloading 0 native plugins for Editor in 0.00 ms.
Invoked RoslynAnalysisRunner static constructor.
RoslynAnalysisRunner will not be running.
RoslynAnalysisRunner has terminated.
Mono: successfully reloaded assembly
- Completed reload, in  1.297 seconds
Platform modules already initialized, skipping
========================================================================
Worker process is ready to serve import requests
Launching external process: /Applications/Unity/Hub/Editor/2020.2.2f1/Unity.app/Contents/Tools/UnityShaderCompiler
Launched and connected shader compiler UnityShaderCompiler after 0.02 seconds
Refreshing native plugins compatible for Editor in 0.37 ms, found 1 plugins.
Preloading 0 native plugins for Editor in 0.00 ms.
Unloading 1168 Unused Serialized files (Serialized files now loaded: 0)
System memory in use before: 117.2 MB.
System memory in use after: 117.3 MB.

Unloading 13 unused Assets to reduce memory usage. Loaded Objects now: 1612.
Total: 3.776272 ms (FindLiveObjects: 0.250889 ms CreateObjectMapping: 0.108048 ms MarkObjects: 3.322639 ms  DeleteObjects: 0.092785 ms)

========================================================================
Received Import Request.
  path: Assets/Tour_type_option.jpg
  artifactKey: Guid(9cb37019b3ddd4fdb9dfa229d6729f97) Importer(815301076,1909f56bfc062723c751e8b465ee728b)
Start importing Assets/Tour_type_option.jpg using Guid(9cb37019b3ddd4fdb9dfa229d6729f97) Importer(815301076,1909f56bfc062723c751e8b465ee728b)  -> (artifact id: '3a6ab0b947cddceb157beb85ae5238f2') in 1.294197 seconds
  Import took 1.298154 seconds .

========================================================================
Received Import Request.
  Time since last request: 40.087405 seconds.
  path: Assets/Scenes/TourStop.unity
  artifactKey: Guid(df9a88615f9a67d43a48adf417fc156f) Importer(815301076,1909f56bfc062723c751e8b465ee728b)
Start importing Assets/Scenes/TourStop.unity using Guid(df9a88615f9a67d43a48adf417fc156f) Importer(815301076,1909f56bfc062723c751e8b465ee728b)  -> (artifact id: '0d410227c242668ae9668027c4e0ca1c') in 0.003194 seconds
  Import took 0.005836 seconds .

========================================================================
Received Import Request.
  Time since last request: 1.668616 seconds.
  path: Assets/Scenes/MainScene.unity
  artifactKey: Guid(40a453d0dda036f44ad9be3b16424e72) Importer(815301076,1909f56bfc062723c751e8b465ee728b)
Start importing Assets/Scenes/MainScene.unity using Guid(40a453d0dda036f44ad9be3b16424e72) Importer(815301076,1909f56bfc062723c751e8b465ee728b)  -> (artifact id: 'fbc3fe3995ce3d68e9df7ad56700a290') in 0.002355 seconds
  Import took 0.004867 seconds .

========================================================================
Received Import Request.
  Time since last request: 0.000564 seconds.
  path: Assets/Scenes/MainScene.unity
  artifactKey: Guid(40a453d0dda036f44ad9be3b16424e72) Importer(815301076,1909f56bfc062723c751e8b465ee728b)
Start importing Assets/Scenes/MainScene.unity using Guid(40a453d0dda036f44ad9be3b16424e72) Importer(815301076,1909f56bfc062723c751e8b465ee728b)  -> (artifact id: 'fbc3fe3995ce3d68e9df7ad56700a290') in 0.001353 seconds
  Import took 0.003581 seconds .

========================================================================
Received Import Request.
  Time since last request: 0.983214 seconds.
  path: Assets/Scenes/ZagaTourType.unity
  artifactKey: Guid(1ae3e7580c34746d39b8c4e4f5b55c1b) Importer(815301076,1909f56bfc062723c751e8b465ee728b)
Start importing Assets/Scenes/ZagaTourType.unity using Guid(1ae3e7580c34746d39b8c4e4f5b55c1b) Importer(815301076,1909f56bfc062723c751e8b465ee728b)  -> (artifact id: 'c723e204ba9c4e6e9bf9f67a8e3cc90c') in 0.002210 seconds
  Import took 0.004824 seconds .

========================================================================
Received Import Request.
  Time since last request: 0.000794 seconds.
  path: Assets/Scenes/ZagaTourType.unity
  artifactKey: Guid(1ae3e7580c34746d39b8c4e4f5b55c1b) Importer(815301076,1909f56bfc062723c751e8b465ee728b)
Start importing Assets/Scenes/ZagaTourType.unity using Guid(1ae3e7580c34746d39b8c4e4f5b55c1b) Importer(815301076,1909f56bfc062723c751e8b465ee728b)  -> (artifact id: 'c723e204ba9c4e6e9bf9f67a8e3cc90c') in 0.001247 seconds
  Import took 0.003303 seconds .

========================================================================
Received Import Request.
  Time since last request: 99.066193 seconds.
  path: Assets/Scenes/InitialView.unity
  artifactKey: Guid(ca20d62cb9b67894a966869a849e5497) Importer(815301076,1909f56bfc062723c751e8b465ee728b)
Start importing Assets/Scenes/InitialView.unity using Guid(ca20d62cb9b67894a966869a849e5497) Importer(815301076,1909f56bfc062723c751e8b465ee728b)  -> (artifact id: 'de69fe5c17d3558fa66eb8832c428519') in 0.002546 seconds
  Import took 0.005040 seconds .

========================================================================
Received Import Request.
  Time since last request: 0.000660 seconds.
  path: Assets/Scenes/InitialView.unity
  artifactKey: Guid(ca20d62cb9b67894a966869a849e5497) Importer(815301076,1909f56bfc062723c751e8b465ee728b)
Start importing Assets/Scenes/InitialView.unity using Guid(ca20d62cb9b67894a966869a849e5497) Importer(815301076,1909f56bfc062723c751e8b465ee728b)  -> (artifact id: 'de69fe5c17d3558fa66eb8832c428519') in 0.001270 seconds
  Import took 0.003439 seconds .

========================================================================
Received Prepare
Registering precompiled user dll's ...
Registered in 0.000528 seconds.
Begin MonoManager ReloadAssembly
Native extension for OSXStandalone target not found
Refreshing native plugins compatible for Editor in 0.31 ms, found 1 plugins.
Preloading 0 native plugins for Editor in 0.00 ms.
Invoked RoslynAnalysisRunner static constructor.
RoslynAnalysisRunner will not be running.
RoslynAnalysisRunner has terminated.
Mono: successfully reloaded assembly
- Completed reload, in  1.118 seconds
Platform modules already initialized, skipping
Switching build target platform(2) subTarget(0) extendedPlatform(0) -> platform(13) subTarget(537395200) extendedPlatform(0)
Refreshing native plugins compatible for Editor in 0.27 ms, found 1 plugins.
Preloading 0 native plugins for Editor in 0.00 ms.
Unloading 1153 Unused Serialized files (Serialized files now loaded: 0)
System memory in use before: 123.5 MB.
System memory in use after: 123.6 MB.

Unloading 4 unused Assets to reduce memory usage. Loaded Objects now: 1620.
Total: 2.333024 ms (FindLiveObjects: 0.295374 ms CreateObjectMapping: 0.058415 ms MarkObjects: 1.959269 ms  DeleteObjects: 0.017559 ms)

AssetImportParameters requested are different than current active one (requested -> active):
  custom:graphics/normal-map-encoding: 01000000000000000000000000000000 -> 02000000000000000000000000000000
