Using pre-set license
Built from '2020.2/staging' branch; Version is '2020.2.6f1 (8a2143876886) revision 9052483'; Using compiler version '192528614'; Build Type 'Release'
OS: 'Windows 10 Home; OS build 18363.1379; Version 1909; 64bit' Language: 'en' Physical Memory: 16086 MB
BatchMode: 1, IsHumanControllingUs: 0, StartBugReporterOnCrash: 0, Is64bit: 1, IsPro: 0

 COMMAND LINE ARGUMENTS:
C:\Program Files\Unity\Hub\Editor\2020.2.6f1\Editor\Unity.exe
-adb2
-batchMode
-noUpm
-name
AssetImportWorker0
-projectPath
C:/Users/spenc/OneDrive/Documents/GitHub/guwt-mobile-app
-logFile
Logs/AssetImportWorker0.log
-srvPort
57803
Successfully changed project path to: C:/Users/spenc/OneDrive/Documents/GitHub/guwt-mobile-app
C:/Users/spenc/OneDrive/Documents/GitHub/guwt-mobile-app
Using Asset Import Pipeline V2.
Refreshing native plugins compatible for Editor in 74.59 ms, found 0 plugins.
Preloading 0 native plugins for Editor in 0.00 ms.
Initialize engine version: 2020.2.6f1 (8a2143876886)
[Subsystems] Discovering subsystems at path C:/Program Files/Unity/Hub/Editor/2020.2.6f1/Editor/Data/Resources/UnitySubsystems
[Subsystems] Discovering subsystems at path C:/Users/spenc/OneDrive/Documents/GitHub/guwt-mobile-app/Assets
GfxDevice: creating device client; threaded=0
Direct3D:
    Version:  Direct3D 11.0 [level 11.1]
    Renderer: Intel(R) UHD Graphics 620 (ID=0x3ea0)
    Vendor:   
    VRAM:     8043 MB
    Driver:   26.20.100.7927
Initialize mono
Mono path[0] = 'C:/Program Files/Unity/Hub/Editor/2020.2.6f1/Editor/Data/Managed'
Mono path[1] = 'C:/Program Files/Unity/Hub/Editor/2020.2.6f1/Editor/Data/MonoBleedingEdge/lib/mono/unityjit'
Mono config path = 'C:/Program Files/Unity/Hub/Editor/2020.2.6f1/Editor/Data/MonoBleedingEdge/etc'
Using monoOptions --debugger-agent=transport=dt_socket,embedding=1,server=y,suspend=n,address=127.0.0.1:56184
Begin MonoManager ReloadAssembly
Registering precompiled unity dll's ...
Register platform support module: C:/Program Files/Unity/Hub/Editor/2020.2.6f1/Editor/Data/PlaybackEngines/WindowsStandaloneSupport/UnityEditor.WindowsStandalone.Extensions.dll
Registered in 0.002832 seconds.
Native extension for WindowsStandalone target not found
Refreshing native plugins compatible for Editor in 57.01 ms, found 0 plugins.
Preloading 0 native plugins for Editor in 0.00 ms.
Invoked RoslynAnalysisRunner static constructor.
RoslynAnalysisRunner will not be running.
RoslynAnalysisRunner has terminated.
Mono: successfully reloaded assembly
- Completed reload, in  4.001 seconds
Platform modules already initialized, skipping
Registering precompiled user dll's ...
Registered in 0.004584 seconds.
Begin MonoManager ReloadAssembly
Native extension for WindowsStandalone target not found
Refreshing native plugins compatible for Editor in 0.39 ms, found 0 plugins.
Preloading 0 native plugins for Editor in 0.00 ms.
Invoked RoslynAnalysisRunner static constructor.
RoslynAnalysisRunner will not be running.
RoslynAnalysisRunner has terminated.
Mono: successfully reloaded assembly
- Completed reload, in  1.669 seconds
Platform modules already initialized, skipping
========================================================================
Worker process is ready to serve import requests
Launched and connected shader compiler UnityShaderCompiler.exe after 0.07 seconds
Refreshing native plugins compatible for Editor in 0.32 ms, found 0 plugins.
Preloading 0 native plugins for Editor in 0.00 ms.
Unloading 1202 Unused Serialized files (Serialized files now loaded: 0)
System memory in use before: 61.0 MB.
System memory in use after: 61.1 MB.

Unloading 16 unused Assets to reduce memory usage. Loaded Objects now: 1643.
Total: 3.232900 ms (FindLiveObjects: 0.179900 ms CreateObjectMapping: 0.055900 ms MarkObjects: 2.860900 ms  DeleteObjects: 0.134000 ms)

========================================================================
Received Import Request.
  path: Assets/Scripts/RequestOrgs.cs
  artifactKey: Guid(026a47cd860105248988924bc1260591) Importer(815301076,1909f56bfc062723c751e8b465ee728b)
Start importing Assets/Scripts/RequestOrgs.cs using Guid(026a47cd860105248988924bc1260591) Importer(815301076,1909f56bfc062723c751e8b465ee728b)  -> (artifact id: '4b2797b84a47c12f106c59d7c6433f2a') in 0.042001 seconds
  Import took 0.046016 seconds .

========================================================================
Received Import Request.
  Time since last request: 2.352782 seconds.
  path: Assets/Scripts/OrgData.cs
  artifactKey: Guid(cc7ec51e5336fd04483ef8f75e0ed11d) Importer(815301076,1909f56bfc062723c751e8b465ee728b)
Start importing Assets/Scripts/OrgData.cs using Guid(cc7ec51e5336fd04483ef8f75e0ed11d) Importer(815301076,1909f56bfc062723c751e8b465ee728b)  -> (artifact id: '8d721895237785e46fc132100339c4b3') in 0.009852 seconds
  Import took 0.013001 seconds .

========================================================================
Received Prepare
Refreshing native plugins compatible for Editor in 1.76 ms, found 0 plugins.
Preloading 0 native plugins for Editor in 0.00 ms.
Unloading 6 Unused Serialized files (Serialized files now loaded: 0)
System memory in use before: 36.5 MB.
System memory in use after: 36.6 MB.

Unloading 5 unused Assets to reduce memory usage. Loaded Objects now: 1643.
Total: 2.243000 ms (FindLiveObjects: 0.231700 ms CreateObjectMapping: 0.078200 ms MarkObjects: 1.911200 ms  DeleteObjects: 0.018400 ms)

========================================================================
Received Import Request.
  Time since last request: 2.739145 seconds.
  path: Assets/Scripts/SingleOrg.cs
  artifactKey: Guid(3ca5424ec2201a14abf3bfdf15255807) Importer(815301076,1909f56bfc062723c751e8b465ee728b)
Start importing Assets/Scripts/SingleOrg.cs using Guid(3ca5424ec2201a14abf3bfdf15255807) Importer(815301076,1909f56bfc062723c751e8b465ee728b)  -> (artifact id: 'd0ab15f4db4b36b06adbd2f101c34ada') in 0.013252 seconds
  Import took 0.017902 seconds .

========================================================================
Received Prepare
Registering precompiled user dll's ...
Registered in 0.002083 seconds.
Begin MonoManager ReloadAssembly
Native extension for WindowsStandalone target not found
Refreshing native plugins compatible for Editor in 0.36 ms, found 0 plugins.
Preloading 0 native plugins for Editor in 0.00 ms.
Invoked RoslynAnalysisRunner static constructor.
RoslynAnalysisRunner will not be running.
RoslynAnalysisRunner has terminated.
Mono: successfully reloaded assembly
- Completed reload, in  1.297 seconds
Platform modules already initialized, skipping
Switching build target platform(5) subTarget(0) extendedPlatform(0) -> platform(13) subTarget(537395200) extendedPlatform(0)
Refreshing native plugins compatible for Editor in 0.34 ms, found 0 plugins.
Preloading 0 native plugins for Editor in 0.00 ms.
Unloading 1187 Unused Serialized files (Serialized files now loaded: 0)
System memory in use before: 59.8 MB.
System memory in use after: 59.9 MB.

Unloading 7 unused Assets to reduce memory usage. Loaded Objects now: 1645.
Total: 2.510400 ms (FindLiveObjects: 0.196600 ms CreateObjectMapping: 0.069400 ms MarkObjects: 2.218500 ms  DeleteObjects: 0.023500 ms)

AssetImportParameters requested are different than current active one (requested -> active):
  custom:graphics/normal-map-encoding: 01000000000000000000000000000000 -> 02000000000000000000000000000000
========================================================================
Received Import Request.
  Time since last request: 82.095862 seconds.
  path: Assets/Scripts/RequestOrgs.cs
  artifactKey: Guid(026a47cd860105248988924bc1260591) Importer(815301076,1909f56bfc062723c751e8b465ee728b)
Start importing Assets/Scripts/RequestOrgs.cs using Guid(026a47cd860105248988924bc1260591) Importer(815301076,1909f56bfc062723c751e8b465ee728b)  -> (artifact id: '1ddf5356ab500f6c3f294f200ad7ab98') in 0.005763 seconds
  Import took 0.008267 seconds .

========================================================================
Received Import Request.
  Time since last request: 0.032512 seconds.
  path: Assets/Scripts/RequestOrgs.cs
  artifactKey: Guid(026a47cd860105248988924bc1260591) Importer(815301076,1909f56bfc062723c751e8b465ee728b)
Start importing Assets/Scripts/RequestOrgs.cs using Guid(026a47cd860105248988924bc1260591) Importer(815301076,1909f56bfc062723c751e8b465ee728b)  -> (artifact id: '1ddf5356ab500f6c3f294f200ad7ab98') in 0.003368 seconds
  Import took 0.006011 seconds .

========================================================================
Received Import Request.
  Time since last request: 58.221788 seconds.
  path: Assets/Scripts/RequestOrgs.cs
  artifactKey: Guid(026a47cd860105248988924bc1260591) Importer(815301076,1909f56bfc062723c751e8b465ee728b)
Start importing Assets/Scripts/RequestOrgs.cs using Guid(026a47cd860105248988924bc1260591) Importer(815301076,1909f56bfc062723c751e8b465ee728b)  -> (artifact id: 'bd3efe496e97581b28a469fcb0ccc4af') in 0.003857 seconds
  Import took 0.007050 seconds .

========================================================================
Received Import Request.
  Time since last request: 38.251373 seconds.
  path: Assets/Scripts/RequestOrgs.cs
  artifactKey: Guid(026a47cd860105248988924bc1260591) Importer(815301076,1909f56bfc062723c751e8b465ee728b)
Start importing Assets/Scripts/RequestOrgs.cs using Guid(026a47cd860105248988924bc1260591) Importer(815301076,1909f56bfc062723c751e8b465ee728b)  -> (artifact id: '99782daa8e4c4759abf0c4e457c10c21') in 0.003939 seconds
  Import took 0.006416 seconds .

========================================================================
Received Import Request.
  Time since last request: 12.403680 seconds.
  path: Assets/Scripts/RequestOrgs.cs
  artifactKey: Guid(026a47cd860105248988924bc1260591) Importer(815301076,1909f56bfc062723c751e8b465ee728b)
Start importing Assets/Scripts/RequestOrgs.cs using Guid(026a47cd860105248988924bc1260591) Importer(815301076,1909f56bfc062723c751e8b465ee728b)  -> (artifact id: '292d0d39107276b4b45705f74fa46f7f') in 0.004074 seconds
  Import took 0.006393 seconds .

========================================================================
Received Prepare
Registering precompiled user dll's ...
Registered in 0.002104 seconds.
Begin MonoManager ReloadAssembly
Native extension for WindowsStandalone target not found
Refreshing native plugins compatible for Editor in 0.48 ms, found 0 plugins.
Preloading 0 native plugins for Editor in 0.00 ms.
Invoked RoslynAnalysisRunner static constructor.
RoslynAnalysisRunner will not be running.
RoslynAnalysisRunner has terminated.
Mono: successfully reloaded assembly
- Completed reload, in  1.313 seconds
Platform modules already initialized, skipping
Switching build target platform(5) subTarget(0) extendedPlatform(0) -> platform(13) subTarget(537395200) extendedPlatform(0)
Refreshing native plugins compatible for Editor in 0.35 ms, found 0 plugins.
Preloading 0 native plugins for Editor in 0.00 ms.
Unloading 1187 Unused Serialized files (Serialized files now loaded: 0)
System memory in use before: 59.9 MB.
System memory in use after: 60.0 MB.

Unloading 7 unused Assets to reduce memory usage. Loaded Objects now: 1647.
Total: 3.834800 ms (FindLiveObjects: 0.265200 ms CreateObjectMapping: 0.162200 ms MarkObjects: 3.371300 ms  DeleteObjects: 0.033900 ms)

AssetImportParameters requested are different than current active one (requested -> active):
  custom:graphics/normal-map-encoding: 01000000000000000000000000000000 -> 02000000000000000000000000000000
AssetImportWorkerClient::OnTransportError - code=2 error=End of file
